[INFO]2018-11-28 13:59:23,220:main:
                    idn-Adam,
                    It: 0,
                    Loss: 1.166e+04,
                    Time: 1.25
                    
[INFO]2018-11-28 13:59:27,075:main:
                    idn-Adam,
                    It: 100,
                    Loss: 3.863e+03,
                    Time: 2.99
                    
[INFO]2018-11-28 13:59:30,909:main:
                    idn-Adam,
                    It: 200,
                    Loss: 4.519e+02,
                    Time: 3.00
                    
[INFO]2018-11-28 13:59:34,864:main:
                    idn-Adam,
                    It: 300,
                    Loss: 3.049e+02,
                    Time: 3.01
                    
[INFO]2018-11-28 13:59:38,720:main:
                    idn-Adam,
                    It: 400,
                    Loss: 1.915e+02,
                    Time: 3.01
                    
[INFO]2018-11-28 13:59:42,989:main:
                    idn-Adam,
                    It: 500,
                    Loss: 1.074e+02,
                    Time: 3.00
                    
[INFO]2018-11-28 13:59:46,803:main:
                    idn-Adam,
                    It: 600,
                    Loss: 6.291e+01,
                    Time: 2.98
                    
[INFO]2018-11-28 13:59:50,636:main:
                    idn-Adam,
                    It: 700,
                    Loss: 5.871e+01,
                    Time: 3.00
                    
[INFO]2018-11-28 13:59:54,431:main:
                    idn-Adam,
                    It: 800,
                    Loss: 4.134e+01,
                    Time: 3.00
                    
[INFO]2018-11-28 13:59:58,226:main:
                    idn-Adam,
                    It: 900,
                    Loss: 3.615e+01,
                    Time: 3.00
                    
[INFO]2018-11-28 14:00:02,031:main:
                    idn-Adam,
                    It: 1000,
                    Loss: 2.990e+01,
                    Time: 2.98
                    
[INFO]2018-11-28 14:00:05,848:main:
                    idn-Adam,
                    It: 1100,
                    Loss: 2.713e+01,
                    Time: 3.00
                    
[INFO]2018-11-28 14:00:09,656:main:
                    idn-Adam,
                    It: 1200,
                    Loss: 2.221e+01,
                    Time: 3.00
                    
[INFO]2018-11-28 14:00:13,510:main:
                    idn-Adam,
                    It: 1300,
                    Loss: 1.954e+01,
                    Time: 3.02
                    
[INFO]2018-11-28 14:00:17,386:main:
                    idn-Adam,
                    It: 1400,
                    Loss: 1.966e+01,
                    Time: 3.01
                    
[INFO]2018-11-28 14:00:21,340:main:
                    idn-Adam,
                    It: 1500,
                    Loss: 1.633e+01,
                    Time: 3.01
                    
[INFO]2018-11-28 14:00:25,093:main:
                    idn-Adam,
                    It: 1600,
                    Loss: 1.573e+01,
                    Time: 2.97
                    
[INFO]2018-11-28 14:00:28,919:main:
                    idn-Adam,
                    It: 1700,
                    Loss: 1.777e+01,
                    Time: 2.99
                    
[INFO]2018-11-28 14:00:32,722:main:
                    idn-Adam,
                    It: 1800,
                    Loss: 1.544e+01,
                    Time: 3.00
                    
[INFO]2018-11-28 14:00:36,563:main:
                    idn-Adam,
                    It: 1900,
                    Loss: 1.239e+01,
                    Time: 3.01
                    
[INFO]2018-11-28 14:00:40,369:main:
                    idn-Adam,
                    It: 2000,
                    Loss: 1.057e+01,
                    Time: 2.98
                    
[INFO]2018-11-28 14:00:44,210:main:
                    idn-Adam,
                    It: 2100,
                    Loss: 1.126e+01,
                    Time: 3.02
                    
[INFO]2018-11-28 14:00:48,031:main:
                    idn-Adam,
                    It: 2200,
                    Loss: 9.113e+00,
                    Time: 3.00
                    
[INFO]2018-11-28 14:00:51,858:main:
                    idn-Adam,
                    It: 2300,
                    Loss: 8.450e+00,
                    Time: 2.99
                    
[INFO]2018-11-28 14:00:55,666:main:
                    idn-Adam,
                    It: 2400,
                    Loss: 8.288e+00,
                    Time: 2.99
                    
[INFO]2018-11-28 14:00:59,475:main:
                    idn-Adam,
                    It: 2500,
                    Loss: 1.241e+01,
                    Time: 2.99
                    
[INFO]2018-11-28 14:01:03,466:main:
                    idn-Adam,
                    It: 2600,
                    Loss: 1.061e+01,
                    Time: 3.02
                    
[INFO]2018-11-28 14:01:07,295:main:
                    idn-Adam,
                    It: 2700,
                    Loss: 7.072e+00,
                    Time: 2.99
                    
[INFO]2018-11-28 14:01:11,085:main:
                    idn-Adam,
                    It: 2800,
                    Loss: 6.237e+00,
                    Time: 3.00
                    
[INFO]2018-11-28 14:01:14,922:main:
                    idn-Adam,
                    It: 2900,
                    Loss: 5.954e+00,
                    Time: 3.01
                    
[INFO]2018-11-28 14:01:18,729:main:
                    idn-Adam,
                    It: 3000,
                    Loss: 8.490e+00,
                    Time: 2.98
                    
[INFO]2018-11-28 14:01:22,542:main:
                    idn-Adam,
                    It: 3100,
                    Loss: 5.411e+00,
                    Time: 3.00
                    
[INFO]2018-11-28 14:01:26,355:main:
                    idn-Adam,
                    It: 3200,
                    Loss: 9.018e+00,
                    Time: 3.01
                    
[INFO]2018-11-28 14:01:30,198:main:
                    idn-Adam,
                    It: 3300,
                    Loss: 5.644e+00,
                    Time: 3.01
                    
[INFO]2018-11-28 14:01:34,036:main:
                    idn-Adam,
                    It: 3400,
                    Loss: 4.563e+00,
                    Time: 3.01
                    
[INFO]2018-11-28 14:01:37,947:main:
                    idn-Adam,
                    It: 3500,
                    Loss: 4.601e+00,
                    Time: 3.02
                    
[INFO]2018-11-28 14:01:41,758:main:
                    idn-Adam,
                    It: 3600,
                    Loss: 4.022e+00,
                    Time: 3.01
                    
[INFO]2018-11-28 14:01:45,719:main:
                    idn-Adam,
                    It: 3700,
                    Loss: 5.414e+00,
                    Time: 3.01
                    
[INFO]2018-11-28 14:01:49,556:main:
                    idn-Adam,
                    It: 3800,
                    Loss: 7.054e+00,
                    Time: 3.02
                    
[INFO]2018-11-28 14:01:53,337:main:
                    idn-Adam,
                    It: 3900,
                    Loss: 3.441e+00,
                    Time: 2.99
                    
[INFO]2018-11-28 14:01:57,077:main:
                    idn-Adam,
                    It: 4000,
                    Loss: 3.311e+00,
                    Time: 2.97
                    
[INFO]2018-11-28 14:02:00,884:main:
                    idn-Adam,
                    It: 4100,
                    Loss: 3.240e+00,
                    Time: 3.01
                    
[INFO]2018-11-28 14:02:04,701:main:
                    idn-Adam,
                    It: 4200,
                    Loss: 3.245e+00,
                    Time: 2.99
                    
[INFO]2018-11-28 14:02:08,546:main:
                    idn-Adam,
                    It: 4300,
                    Loss: 2.852e+00,
                    Time: 3.01
                    
[INFO]2018-11-28 14:02:12,355:main:
                    idn-Adam,
                    It: 4400,
                    Loss: 2.712e+00,
                    Time: 2.98
                    
[INFO]2018-11-28 14:02:16,188:main:
                    idn-Adam,
                    It: 4500,
                    Loss: 3.306e+00,
                    Time: 3.00
                    
[INFO]2018-11-28 14:02:20,005:main:
                    idn-Adam,
                    It: 4600,
                    Loss: 6.519e+00,
                    Time: 2.99
                    
[INFO]2018-11-28 14:02:23,783:main:
                    idn-Adam,
                    It: 4700,
                    Loss: 2.692e+00,
                    Time: 3.01
                    
[INFO]2018-11-28 14:02:27,711:main:
                    idn-Adam,
                    It: 4800,
                    Loss: 2.643e+00,
                    Time: 3.02
                    
[INFO]2018-11-28 14:02:31,511:main:
                    idn-Adam,
                    It: 4900,
                    Loss: 2.571e+00,
                    Time: 2.99
                    
[INFO]2018-11-28 14:02:35,362:main:
                    idn-Adam,
                    It: 5000,
                    Loss: 2.064e+00,
                    Time: 3.02
                    
[INFO]2018-11-28 14:02:39,189:main:
                    idn-Adam,
                    It: 5100,
                    Loss: 1.324e+01,
                    Time: 3.01
                    
[INFO]2018-11-28 14:02:43,015:main:
                    idn-Adam,
                    It: 5200,
                    Loss: 1.929e+00,
                    Time: 2.99
                    
[INFO]2018-11-28 14:02:46,854:main:
                    idn-Adam,
                    It: 5300,
                    Loss: 1.837e+00,
                    Time: 3.01
                    
[INFO]2018-11-28 14:02:50,629:main:
                    idn-Adam,
                    It: 5400,
                    Loss: 1.976e+00,
                    Time: 2.99
                    
[INFO]2018-11-28 14:02:54,463:main:
                    idn-Adam,
                    It: 5500,
                    Loss: 1.747e+00,
                    Time: 3.01
                    
[INFO]2018-11-28 14:02:58,282:main:
                    idn-Adam,
                    It: 5600,
                    Loss: 2.061e+01,
                    Time: 3.03
                    
[INFO]2018-11-28 14:03:02,117:main:
                    idn-Adam,
                    It: 5700,
                    Loss: 1.662e+00,
                    Time: 3.00
                    
[INFO]2018-11-28 14:03:05,972:main:
                    idn-Adam,
                    It: 5800,
                    Loss: 1.527e+00,
                    Time: 3.04
                    
[INFO]2018-11-28 14:03:09,778:main:
                    idn-Adam,
                    It: 5900,
                    Loss: 1.470e+00,
                    Time: 3.01
                    
[INFO]2018-11-28 14:03:13,759:main:
                    idn-Adam,
                    It: 6000,
                    Loss: 1.511e+00,
                    Time: 3.02
                    
[INFO]2018-11-28 14:03:17,590:main:
                    idn-Adam,
                    It: 6100,
                    Loss: 1.385e+00,
                    Time: 3.03
                    
[INFO]2018-11-28 14:03:21,439:main:
                    idn-Adam,
                    It: 6200,
                    Loss: 1.346e+00,
                    Time: 3.02
                    
[INFO]2018-11-28 14:03:25,265:main:
                    idn-Adam,
                    It: 6300,
                    Loss: 2.620e+00,
                    Time: 3.01
                    
[INFO]2018-11-28 14:03:29,105:main:
                    idn-Adam,
                    It: 6400,
                    Loss: 2.265e+00,
                    Time: 3.01
                    
[INFO]2018-11-28 14:03:33,019:main:
                    idn-Adam,
                    It: 6500,
                    Loss: 1.272e+00,
                    Time: 3.01
                    
[INFO]2018-11-28 14:03:36,790:main:
                    idn-Adam,
                    It: 6600,
                    Loss: 1.481e+00,
                    Time: 2.99
                    
[INFO]2018-11-28 14:03:40,652:main:
                    idn-Adam,
                    It: 6700,
                    Loss: 1.137e+00,
                    Time: 3.02
                    
[INFO]2018-11-28 14:03:44,493:main:
                    idn-Adam,
                    It: 6800,
                    Loss: 1.299e+01,
                    Time: 3.00
                    
[INFO]2018-11-28 14:03:48,325:main:
                    idn-Adam,
                    It: 6900,
                    Loss: 1.033e+00,
                    Time: 3.01
                    
[INFO]2018-11-28 14:03:52,167:main:
                    idn-Adam,
                    It: 7000,
                    Loss: 1.627e+00,
                    Time: 3.00
                    
[INFO]2018-11-28 14:03:56,142:main:
                    idn-Adam,
                    It: 7100,
                    Loss: 5.327e+00,
                    Time: 3.01
                    
[INFO]2018-11-28 14:03:59,970:main:
                    idn-Adam,
                    It: 7200,
                    Loss: 1.071e+00,
                    Time: 2.99
                    
[INFO]2018-11-28 14:04:03,798:main:
                    idn-Adam,
                    It: 7300,
                    Loss: 9.025e-01,
                    Time: 3.00
                    
[INFO]2018-11-28 14:04:07,616:main:
                    idn-Adam,
                    It: 7400,
                    Loss: 2.288e+00,
                    Time: 2.98
                    
[INFO]2018-11-28 14:04:11,421:main:
                    idn-Adam,
                    It: 7500,
                    Loss: 1.198e+00,
                    Time: 2.98
                    
[INFO]2018-11-28 14:04:15,241:main:
                    idn-Adam,
                    It: 7600,
                    Loss: 1.567e+00,
                    Time: 3.00
                    
[INFO]2018-11-28 14:04:19,029:main:
                    idn-Adam,
                    It: 7700,
                    Loss: 1.192e+00,
                    Time: 3.00
                    
[INFO]2018-11-28 14:04:22,826:main:
                    idn-Adam,
                    It: 7800,
                    Loss: 2.677e+00,
                    Time: 3.00
                    
[INFO]2018-11-28 14:04:26,647:main:
                    idn-Adam,
                    It: 7900,
                    Loss: 1.328e+00,
                    Time: 3.00
                    
[INFO]2018-11-28 14:04:30,471:main:
                    idn-Adam,
                    It: 8000,
                    Loss: 7.212e-01,
                    Time: 2.99
                    
[INFO]2018-11-28 14:04:34,324:main:
                    idn-Adam,
                    It: 8100,
                    Loss: 9.393e-01,
                    Time: 3.02
                    
[INFO]2018-11-28 14:04:38,259:main:
                    idn-Adam,
                    It: 8200,
                    Loss: 7.142e-01,
                    Time: 3.00
                    
[INFO]2018-11-28 14:04:42,084:main:
                    idn-Adam,
                    It: 8300,
                    Loss: 9.916e+00,
                    Time: 3.02
                    
[INFO]2018-11-28 14:04:45,915:main:
                    idn-Adam,
                    It: 8400,
                    Loss: 6.424e-01,
                    Time: 3.01
                    
[INFO]2018-11-28 14:04:49,742:main:
                    idn-Adam,
                    It: 8500,
                    Loss: 8.051e-01,
                    Time: 3.00
                    
[INFO]2018-11-28 14:04:53,584:main:
                    idn-Adam,
                    It: 8600,
                    Loss: 6.270e-01,
                    Time: 3.01
                    
[INFO]2018-11-28 14:04:57,429:main:
                    idn-Adam,
                    It: 8700,
                    Loss: 6.662e-01,
                    Time: 3.01
                    
[INFO]2018-11-28 14:05:01,277:main:
                    idn-Adam,
                    It: 8800,
                    Loss: 5.938e-01,
                    Time: 3.01
                    
[INFO]2018-11-28 14:05:05,110:main:
                    idn-Adam,
                    It: 8900,
                    Loss: 6.381e-01,
                    Time: 3.02
                    
[INFO]2018-11-28 14:05:08,950:main:
                    idn-Adam,
                    It: 9000,
                    Loss: 1.121e+00,
                    Time: 3.00
                    
[INFO]2018-11-28 14:05:12,779:main:
                    idn-Adam,
                    It: 9100,
                    Loss: 4.004e+00,
                    Time: 3.00
                    
[INFO]2018-11-28 14:05:16,603:main:
                    idn-Adam,
                    It: 9200,
                    Loss: 7.895e+00,
                    Time: 3.02
                    
[INFO]2018-11-28 14:05:20,411:main:
                    idn-Adam,
                    It: 9300,
                    Loss: 5.058e-01,
                    Time: 3.00
                    
[INFO]2018-11-28 14:05:24,347:main:
                    idn-Adam,
                    It: 9400,
                    Loss: 6.077e-01,
                    Time: 3.00
                    
[INFO]2018-11-28 14:05:28,182:main:
                    idn-Adam,
                    It: 9500,
                    Loss: 7.127e-01,
                    Time: 3.00
                    
[INFO]2018-11-28 14:05:32,029:main:
                    idn-Adam,
                    It: 9600,
                    Loss: 7.609e-01,
                    Time: 3.01
                    
[INFO]2018-11-28 14:05:35,883:main:
                    idn-Adam,
                    It: 9700,
                    Loss: 4.620e-01,
                    Time: 3.04
                    
[INFO]2018-11-28 14:05:39,705:main:
                    idn-Adam,
                    It: 9800,
                    Loss: 5.053e-01,
                    Time: 2.99
                    
[INFO]2018-11-28 14:05:43,500:main:
                    idn-Adam,
                    It: 9900,
                    Loss: 5.511e-01,
                    Time: 3.01
                    
[INFO]2018-11-28 14:05:47,367:main:
                    idn-Adam,
                    It: 10000,
                    Loss: 4.303e-01,
                    Time: 3.03
                    
[INFO]2018-11-28 14:05:51,154:main:
                    idn-Adam,
                    It: 10100,
                    Loss: 6.327e-01,
                    Time: 2.99
                    
[INFO]2018-11-28 14:05:54,964:main:
                    idn-Adam,
                    It: 10200,
                    Loss: 4.464e-01,
                    Time: 2.99
                    
[INFO]2018-11-28 14:05:58,787:main:
                    idn-Adam,
                    It: 10300,
                    Loss: 1.281e+00,
                    Time: 3.02
                    
[INFO]2018-11-28 14:06:02,621:main:
                    idn-Adam,
                    It: 10400,
                    Loss: 3.971e-01,
                    Time: 3.00
                    
[INFO]2018-11-28 14:06:06,583:main:
                    idn-Adam,
                    It: 10500,
                    Loss: 4.110e-01,
                    Time: 3.01
                    
[INFO]2018-11-28 14:06:10,447:main:
                    idn-Adam,
                    It: 10600,
                    Loss: 3.860e-01,
                    Time: 3.03
                    
[INFO]2018-11-28 14:06:14,289:main:
                    idn-Adam,
                    It: 10700,
                    Loss: 3.711e-01,
                    Time: 3.01
                    
[INFO]2018-11-28 14:06:18,226:main:
                    idn-Adam,
                    It: 10800,
                    Loss: 4.818e-01,
                    Time: 3.03
                    
[INFO]2018-11-28 14:06:22,058:main:
                    idn-Adam,
                    It: 10900,
                    Loss: 3.561e-01,
                    Time: 3.00
                    
[INFO]2018-11-28 14:06:25,883:main:
                    idn-Adam,
                    It: 11000,
                    Loss: 1.158e+00,
                    Time: 3.01
                    
[INFO]2018-11-28 14:06:29,714:main:
                    idn-Adam,
                    It: 11100,
                    Loss: 4.352e-01,
                    Time: 3.00
                    
[INFO]2018-11-28 14:06:33,528:main:
                    idn-Adam,
                    It: 11200,
                    Loss: 9.844e+00,
                    Time: 2.98
                    
[INFO]2018-11-28 14:06:37,340:main:
                    idn-Adam,
                    It: 11300,
                    Loss: 3.279e-01,
                    Time: 3.00
                    
[INFO]2018-11-28 14:06:41,150:main:
                    idn-Adam,
                    It: 11400,
                    Loss: 3.507e-01,
                    Time: 3.00
                    
[INFO]2018-11-28 14:06:44,949:main:
                    idn-Adam,
                    It: 11500,
                    Loss: 3.194e-01,
                    Time: 3.02
                    
[INFO]2018-11-28 14:06:48,921:main:
                    idn-Adam,
                    It: 11600,
                    Loss: 3.093e-01,
                    Time: 3.02
                    
[INFO]2018-11-28 14:06:52,749:main:
                    idn-Adam,
                    It: 11700,
                    Loss: 3.225e-01,
                    Time: 3.00
                    
[INFO]2018-11-28 14:06:56,588:main:
                    idn-Adam,
                    It: 11800,
                    Loss: 3.554e-01,
                    Time: 3.01
                    
[INFO]2018-11-28 14:07:00,388:main:
                    idn-Adam,
                    It: 11900,
                    Loss: 2.991e-01,
                    Time: 2.99
                    
[INFO]2018-11-28 14:07:04,176:main:
                    idn-Adam,
                    It: 12000,
                    Loss: 2.955e-01,
                    Time: 3.00
                    
[INFO]2018-11-28 14:07:08,006:main:
                    idn-Adam,
                    It: 12100,
                    Loss: 2.861e-01,
                    Time: 2.99
                    
[INFO]2018-11-28 14:07:11,832:main:
                    idn-Adam,
                    It: 12200,
                    Loss: 3.576e+00,
                    Time: 3.01
                    
[INFO]2018-11-28 14:07:15,667:main:
                    idn-Adam,
                    It: 12300,
                    Loss: 5.651e+00,
                    Time: 3.00
                    
[INFO]2018-11-28 14:07:19,440:main:
                    idn-Adam,
                    It: 12400,
                    Loss: 2.700e-01,
                    Time: 3.01
                    
[INFO]2018-11-28 14:07:23,250:main:
                    idn-Adam,
                    It: 12500,
                    Loss: 3.604e-01,
                    Time: 3.01
                    
[INFO]2018-11-28 14:07:27,104:main:
                    idn-Adam,
                    It: 12600,
                    Loss: 2.377e+00,
                    Time: 3.02
                    
[INFO]2018-11-28 14:07:31,034:main:
                    idn-Adam,
                    It: 12700,
                    Loss: 2.577e-01,
                    Time: 2.98
                    
[INFO]2018-11-28 14:07:34,827:main:
                    idn-Adam,
                    It: 12800,
                    Loss: 2.701e-01,
                    Time: 2.99
                    
[INFO]2018-11-28 14:07:38,648:main:
                    idn-Adam,
                    It: 12900,
                    Loss: 2.480e-01,
                    Time: 2.99
                    
[INFO]2018-11-28 14:07:42,463:main:
                    idn-Adam,
                    It: 13000,
                    Loss: 4.527e-01,
                    Time: 2.99
                    
[INFO]2018-11-28 14:07:46,303:main:
                    idn-Adam,
                    It: 13100,
                    Loss: 1.485e+00,
                    Time: 3.01
                    
[INFO]2018-11-28 14:07:50,170:main:
                    idn-Adam,
                    It: 13200,
                    Loss: 3.299e-01,
                    Time: 3.03
                    
[INFO]2018-11-28 14:07:53,973:main:
                    idn-Adam,
                    It: 13300,
                    Loss: 3.314e-01,
                    Time: 2.98
                    
[INFO]2018-11-28 14:07:57,752:main:
                    idn-Adam,
                    It: 13400,
                    Loss: 8.038e-01,
                    Time: 3.01
                    
[INFO]2018-11-28 14:08:01,599:main:
                    idn-Adam,
                    It: 13500,
                    Loss: 8.127e-01,
                    Time: 3.01
                    
[INFO]2018-11-28 14:08:05,445:main:
                    idn-Adam,
                    It: 13600,
                    Loss: 4.503e-01,
                    Time: 3.02
                    
[INFO]2018-11-28 14:08:09,287:main:
                    idn-Adam,
                    It: 13700,
                    Loss: 2.208e-01,
                    Time: 3.01
                    
[INFO]2018-11-28 14:08:13,375:main:
                    idn-Adam,
                    It: 13800,
                    Loss: 2.358e-01,
                    Time: 3.04
                    
[INFO]2018-11-28 14:08:17,185:main:
                    idn-Adam,
                    It: 13900,
                    Loss: 7.544e-01,
                    Time: 3.01
                    
[INFO]2018-11-28 14:08:21,004:main:
                    idn-Adam,
                    It: 14000,
                    Loss: 9.440e+00,
                    Time: 3.01
                    
[INFO]2018-11-28 14:08:24,811:main:
                    idn-Adam,
                    It: 14100,
                    Loss: 2.089e-01,
                    Time: 2.98
                    
[INFO]2018-11-28 14:08:28,682:main:
                    idn-Adam,
                    It: 14200,
                    Loss: 3.160e-01,
                    Time: 3.04
                    
[INFO]2018-11-28 14:08:32,509:main:
                    idn-Adam,
                    It: 14300,
                    Loss: 3.324e+00,
                    Time: 3.01
                    
[INFO]2018-11-28 14:08:36,324:main:
                    idn-Adam,
                    It: 14400,
                    Loss: 5.550e-01,
                    Time: 2.98
                    
[INFO]2018-11-28 14:08:40,154:main:
                    idn-Adam,
                    It: 14500,
                    Loss: 3.068e-01,
                    Time: 2.99
                    
[INFO]2018-11-28 14:08:43,996:main:
                    idn-Adam,
                    It: 14600,
                    Loss: 2.487e-01,
                    Time: 3.01
                    
[INFO]2018-11-28 14:08:47,829:main:
                    idn-Adam,
                    It: 14700,
                    Loss: 4.464e-01,
                    Time: 3.00
                    
[INFO]2018-11-28 14:08:51,677:main:
                    idn-Adam,
                    It: 14800,
                    Loss: 3.249e-01,
                    Time: 3.01
                    
[INFO]2018-11-28 14:08:55,507:main:
                    idn-Adam,
                    It: 14900,
                    Loss: 2.426e-01,
                    Time: 3.01
                    
[INFO]2018-11-28 14:08:59,410:main:
                    idn-Adam,
                    It: 15000,
                    Loss: 2.888e-01,
                    Time: 2.96
                    
[INFO]2018-11-28 14:09:03,147:main:
                    idn-Adam,
                    It: 15100,
                    Loss: 5.600e-01,
                    Time: 2.97
                    
[INFO]2018-11-28 14:09:06,985:main:
                    idn-Adam,
                    It: 15200,
                    Loss: 2.142e-01,
                    Time: 3.01
                    
[INFO]2018-11-28 14:09:10,794:main:
                    idn-Adam,
                    It: 15300,
                    Loss: 2.185e-01,
                    Time: 3.00
                    
[INFO]2018-11-28 14:09:14,589:main:
                    idn-Adam,
                    It: 15400,
                    Loss: 3.424e-01,
                    Time: 3.02
                    
[INFO]2018-11-28 14:09:18,430:main:
                    idn-Adam,
                    It: 15500,
                    Loss: 2.013e-01,
                    Time: 3.00
                    
[INFO]2018-11-28 14:09:22,271:main:
                    idn-Adam,
                    It: 15600,
                    Loss: 1.796e-01,
                    Time: 3.01
                    
[INFO]2018-11-28 14:09:26,095:main:
                    idn-Adam,
                    It: 15700,
                    Loss: 2.028e-01,
                    Time: 3.01
                    
[INFO]2018-11-28 14:09:29,959:main:
                    idn-Adam,
                    It: 15800,
                    Loss: 8.587e-01,
                    Time: 3.02
                    
[INFO]2018-11-28 14:09:33,762:main:
                    idn-Adam,
                    It: 15900,
                    Loss: 1.765e-01,
                    Time: 3.03
                    
[INFO]2018-11-28 14:09:37,597:main:
                    idn-Adam,
                    It: 16000,
                    Loss: 2.280e-01,
                    Time: 3.03
                    
[INFO]2018-11-28 14:09:41,575:main:
                    idn-Adam,
                    It: 16100,
                    Loss: 4.659e-01,
                    Time: 3.04
                    
[INFO]2018-11-28 14:09:45,352:main:
                    idn-Adam,
                    It: 16200,
                    Loss: 5.808e+00,
                    Time: 3.01
                    
[INFO]2018-11-28 14:09:49,197:main:
                    idn-Adam,
                    It: 16300,
                    Loss: 1.876e+00,
                    Time: 3.01
                    
[INFO]2018-11-28 14:09:53,051:main:
                    idn-Adam,
                    It: 16400,
                    Loss: 1.585e-01,
                    Time: 3.03
                    
[INFO]2018-11-28 14:09:56,989:main:
                    idn-Adam,
                    It: 16500,
                    Loss: 1.069e+00,
                    Time: 3.00
                    
[INFO]2018-11-28 14:10:00,833:main:
                    idn-Adam,
                    It: 16600,
                    Loss: 1.556e-01,
                    Time: 3.01
                    
[INFO]2018-11-28 14:10:04,651:main:
                    idn-Adam,
                    It: 16700,
                    Loss: 1.871e-01,
                    Time: 2.98
                    
[INFO]2018-11-28 14:10:08,491:main:
                    idn-Adam,
                    It: 16800,
                    Loss: 1.437e+00,
                    Time: 3.00
                    
[INFO]2018-11-28 14:10:12,341:main:
                    idn-Adam,
                    It: 16900,
                    Loss: 1.485e+00,
                    Time: 3.03
                    
